<?xml version="1.0" encoding="UTF-8"?>
<!-- Generated by org.testng.reporters.JUnitReportReporter -->
<testsuite skipped="0" hostname="pcch-divyag" name="zf.test.mainclass" tests="1" failures="0" timestamp="28 Feb 2019 10:54:10 GMT" time="0.012" errors="0">
  <testcase name="testMethod2" time="0.012" classname="zf.test.mainclass"/>
</testsuite> <!-- zf.test.mainclass -->
