<?xml version="1.0" encoding="UTF-8"?>
<!-- Generated by org.testng.reporters.JUnitReportReporter -->
<testsuite skipped="0" hostname="pcch-divyag" name="zf.test.ZFAddSingleGatewayTest" tests="1" failures="0" timestamp="28 Feb 2019 12:02:43 GMT" time="147.999" errors="0">
  <testcase name="Tc01addSingleGateway" time="147.999" classname="zf.test.ZFAddSingleGatewayTest"/>
</testsuite> <!-- zf.test.ZFAddSingleGatewayTest -->
