<?xml version="1.0" encoding="UTF-8"?>
<!-- Generated by org.testng.reporters.JUnitReportReporter -->
<testsuite skipped="0" hostname="pcch-divyag" name="zf.test.ZFAddClientTest" tests="1" failures="0" timestamp="28 Feb 2019 12:02:43 GMT" time="169.768" errors="0">
  <testcase name="AddSubClient" time="169.768" classname="zf.test.ZFAddClientTest"/>
</testsuite> <!-- zf.test.ZFAddClientTest -->
