<?xml version="1.0" encoding="UTF-8"?>
<!-- Generated by org.testng.reporters.JUnitReportReporter -->
<testsuite skipped="0" hostname="pcch-divyag" name="zf.test.ZFADDMultipleGatewayTest" tests="2" failures="0" timestamp="28 Feb 2019 12:02:43 GMT" time="186.966" errors="0">
  <testcase name="Tc01AddMultipleGatewayNew" time="93.845" classname="zf.test.ZFADDMultipleGatewayTest"/>
  <testcase name="Tc02AddMultipleGatewayExisting" time="93.121" classname="zf.test.ZFADDMultipleGatewayTest"/>
</testsuite> <!-- zf.test.ZFADDMultipleGatewayTest -->
